c:\users\nikim\source\repos\hw6\consoleapplication1\x64\debug\vc143.pdb
c:\users\nikim\source\repos\hw6\consoleapplication1\x64\debug\vc143.idb
c:\users\nikim\source\repos\hw6\consoleapplication1\x64\debug\tb.obj
c:\users\nikim\source\repos\hw6\x64\debug\consoleapplication1.pdb
c:\users\nikim\source\repos\hw6\consoleapplication1\x64\debug\consolea.27e70f8b.tlog\cl.command.1.tlog
c:\users\nikim\source\repos\hw6\consoleapplication1\x64\debug\consolea.27e70f8b.tlog\cl.read.1.tlog
c:\users\nikim\source\repos\hw6\consoleapplication1\x64\debug\consolea.27e70f8b.tlog\cl.write.1.tlog
c:\users\nikim\source\repos\hw6\consoleapplication1\x64\debug\consolea.27e70f8b.tlog\link-cvtres.read.1.tlog
c:\users\nikim\source\repos\hw6\consoleapplication1\x64\debug\consolea.27e70f8b.tlog\link-cvtres.write.1.tlog
c:\users\nikim\source\repos\hw6\consoleapplication1\x64\debug\consolea.27e70f8b.tlog\link-rc.read.1.tlog
c:\users\nikim\source\repos\hw6\consoleapplication1\x64\debug\consolea.27e70f8b.tlog\link-rc.write.1.tlog
c:\users\nikim\source\repos\hw6\consoleapplication1\x64\debug\consolea.27e70f8b.tlog\link.94036-cvtres.read.1.tlog
c:\users\nikim\source\repos\hw6\consoleapplication1\x64\debug\consolea.27e70f8b.tlog\link.94036-cvtres.write.1.tlog
c:\users\nikim\source\repos\hw6\consoleapplication1\x64\debug\consolea.27e70f8b.tlog\link.94036-rc.read.1.tlog
c:\users\nikim\source\repos\hw6\consoleapplication1\x64\debug\consolea.27e70f8b.tlog\link.94036-rc.write.1.tlog
c:\users\nikim\source\repos\hw6\consoleapplication1\x64\debug\consolea.27e70f8b.tlog\link.94036.read.1.tlog
c:\users\nikim\source\repos\hw6\consoleapplication1\x64\debug\consolea.27e70f8b.tlog\link.94036.read.2.tlog
c:\users\nikim\source\repos\hw6\consoleapplication1\x64\debug\consolea.27e70f8b.tlog\link.94036.write.1.tlog
c:\users\nikim\source\repos\hw6\consoleapplication1\x64\debug\consolea.27e70f8b.tlog\link.command.1.tlog
c:\users\nikim\source\repos\hw6\consoleapplication1\x64\debug\consolea.27e70f8b.tlog\link.read.1.tlog
c:\users\nikim\source\repos\hw6\consoleapplication1\x64\debug\consolea.27e70f8b.tlog\link.read.2.tlog
c:\users\nikim\source\repos\hw6\consoleapplication1\x64\debug\consolea.27e70f8b.tlog\link.read.3.tlog
c:\users\nikim\source\repos\hw6\consoleapplication1\x64\debug\consolea.27e70f8b.tlog\link.write.1.tlog
