d:\yousi\hw6\consoleapplication1\debug\vc143.pdb
d:\yousi\hw6\consoleapplication1\debug\vc143.idb
d:\yousi\hw6\consoleapplication1\debug\main.obj
d:\yousi\hw6\consoleapplication1\debug\sinewave.obj
d:\yousi\hw6\consoleapplication1\debug\bandpassfilter.obj
c:\users\amirh\downloads\university\semester 6\object oriented designs\homeworks\hw6\consoleapplication1\debug\vc143.pdb
c:\users\amirh\downloads\university\semester 6\object oriented designs\homeworks\hw6\consoleapplication1\debug\vc143.idb
c:\users\amirh\downloads\university\semester 6\object oriented designs\homeworks\hw6\consoleapplication1\debug\main.obj
c:\users\amirh\downloads\university\semester 6\object oriented designs\homeworks\hw6\consoleapplication1\debug\sinewave.obj
c:\users\amirh\downloads\university\semester 6\object oriented designs\homeworks\hw6\consoleapplication1\debug\bandpassfilter.obj
c:\users\amirh\downloads\university\semester 6\object oriented designs\homeworks\hw6\consoleapplication1\debug\sin.obj
d:\yousi\hw6\debug\consoleapplication1.exe
d:\yousi\hw6\consoleapplication1\debug\consoleapplication1.ilk
d:\yousi\hw6\debug\consoleapplication1.pdb
c:\users\amirh\downloads\university\semester 6\object oriented designs\homeworks\hw6\consoleapplication1\debug\lowpassfilter.obj
c:\users\amirh\downloads\university\semester 6\object oriented designs\homeworks\hw6\consoleapplication1\debug\squarewave.obj
c:\users\amirh\downloads\university\semester 6\object oriented designs\homeworks\hw6\consoleapplication1\debug\tb.obj
c:\users\amirh\downloads\university\semester 6\object oriented designs\homeworks\hw6\consoleapplication1\debug\consoleapplication1.ilk
c:\users\amirh\downloads\university\semester 6\object oriented designs\homeworks\hw6\debug\consoleapplication1.pdb
c:\users\amirh\downloads\university\semester 6\object oriented designs\homeworks\hw6\debug\consoleapplication1.exe
c:\users\amirh\downloads\university\semester 6\object oriented designs\homeworks\hw6\consoleapplication1\debug\consolea.27e70f8b.tlog\cl.command.1.tlog
c:\users\amirh\downloads\university\semester 6\object oriented designs\homeworks\hw6\consoleapplication1\debug\consolea.27e70f8b.tlog\cl.read.1.tlog
c:\users\amirh\downloads\university\semester 6\object oriented designs\homeworks\hw6\consoleapplication1\debug\consolea.27e70f8b.tlog\cl.write.1.tlog
c:\users\amirh\downloads\university\semester 6\object oriented designs\homeworks\hw6\consoleapplication1\debug\consolea.27e70f8b.tlog\link.command.1.tlog
c:\users\amirh\downloads\university\semester 6\object oriented designs\homeworks\hw6\consoleapplication1\debug\consolea.27e70f8b.tlog\link.read.1.tlog
c:\users\amirh\downloads\university\semester 6\object oriented designs\homeworks\hw6\consoleapplication1\debug\consolea.27e70f8b.tlog\link.write.1.tlog
